c:\data\shadowpack\debug\lib\libpng.pdb
c:\data\shadowpack\debug\libpng\pngwutil.obj
c:\data\shadowpack\debug\libpng\pngwtran.obj
c:\data\shadowpack\debug\libpng\pngwrite.obj
c:\data\shadowpack\debug\libpng\pngwio.obj
c:\data\shadowpack\debug\libpng\pngtrans.obj
c:\data\shadowpack\debug\libpng\pngset.obj
c:\data\shadowpack\debug\libpng\pngrutil.obj
c:\data\shadowpack\debug\libpng\pngrtran.obj
c:\data\shadowpack\debug\libpng\pngrio.obj
c:\data\shadowpack\debug\libpng\pngread.obj
c:\data\shadowpack\debug\libpng\pngpread.obj
c:\data\shadowpack\debug\libpng\pngmem.obj
c:\data\shadowpack\debug\libpng\pngget.obj
c:\data\shadowpack\debug\libpng\pngerror.obj
c:\data\shadowpack\debug\libpng\png.obj
c:\data\shadowpack\debug\lib\libpng.lib
c:\data\shadowpack\debug\libpng\png.res
c:\data\shadowpack\debug\libpng\vc90.idb
c:\data\shadowpack\debug\libpng\libpng.tlog\cl.command.1.tlog
c:\data\shadowpack\debug\libpng\libpng.tlog\cl.read.1.tlog
c:\data\shadowpack\debug\libpng\libpng.tlog\cl.write.1.tlog
c:\data\shadowpack\debug\libpng\libpng.tlog\lib-link-cvtres.read.1.tlog
c:\data\shadowpack\debug\libpng\libpng.tlog\lib-link-cvtres.write.1.tlog
c:\data\shadowpack\debug\libpng\libpng.tlog\lib.command.1.tlog
c:\data\shadowpack\debug\libpng\libpng.tlog\rc.command.1.tlog
c:\data\shadowpack\debug\libpng\libpng.tlog\rc.read.1.tlog
c:\data\shadowpack\debug\libpng\libpng.tlog\rc.write.1.tlog
