c:\data\shadowpack\debug\lib\libzlib.pdb
c:\data\shadowpack\debug\libzlib\zutil.obj
c:\data\shadowpack\debug\libzlib\uncompr.obj
c:\data\shadowpack\debug\libzlib\trees.obj
c:\data\shadowpack\debug\libzlib\inftrees.obj
c:\data\shadowpack\debug\libzlib\inflate.obj
c:\data\shadowpack\debug\libzlib\inffast.obj
c:\data\shadowpack\debug\libzlib\infback.obj
c:\data\shadowpack\debug\libzlib\gzwrite.obj
c:\data\shadowpack\debug\libzlib\gzread.obj
c:\data\shadowpack\debug\libzlib\gzlib.obj
c:\data\shadowpack\debug\libzlib\gzclose.obj
c:\data\shadowpack\debug\libzlib\deflate.obj
c:\data\shadowpack\debug\libzlib\crc32.obj
c:\data\shadowpack\debug\libzlib\compress.obj
c:\data\shadowpack\debug\libzlib\adler32.obj
c:\data\shadowpack\debug\lib\libzlib.lib
c:\data\shadowpack\debug\libzlib\zlib.res
c:\data\shadowpack\debug\libzlib\vc90.idb
c:\data\shadowpack\debug\libzlib\libzlib.tlog\cl.command.1.tlog
c:\data\shadowpack\debug\libzlib\libzlib.tlog\cl.read.1.tlog
c:\data\shadowpack\debug\libzlib\libzlib.tlog\cl.write.1.tlog
c:\data\shadowpack\debug\libzlib\libzlib.tlog\lib-link-cvtres.read.1.tlog
c:\data\shadowpack\debug\libzlib\libzlib.tlog\lib-link-cvtres.write.1.tlog
c:\data\shadowpack\debug\libzlib\libzlib.tlog\lib.command.1.tlog
c:\data\shadowpack\debug\libzlib\libzlib.tlog\rc.command.1.tlog
c:\data\shadowpack\debug\libzlib\libzlib.tlog\rc.read.1.tlog
c:\data\shadowpack\debug\libzlib\libzlib.tlog\rc.write.1.tlog
