c:\data\shadowpack\debug\lib\libtiff.pdb
c:\data\shadowpack\debug\libtiff\tif_luv.obj
c:\data\shadowpack\debug\libtiff\tif_jpeg_12.obj
c:\data\shadowpack\debug\libtiff\tif_jpeg.obj
c:\data\shadowpack\debug\libtiff\tif_jbig.obj
c:\data\shadowpack\debug\libtiff\tif_getimage.obj
c:\data\shadowpack\debug\libtiff\tif_flush.obj
c:\data\shadowpack\debug\libtiff\tif_fax3sm.obj
c:\data\shadowpack\debug\libtiff\tif_fax3.obj
c:\data\shadowpack\debug\libtiff\tif_extension.obj
c:\data\shadowpack\debug\libtiff\tif_error.obj
c:\data\shadowpack\debug\libtiff\tif_dumpmode.obj
c:\data\shadowpack\debug\libtiff\tif_dirwrite.obj
c:\data\shadowpack\debug\libtiff\tif_dirread.obj
c:\data\shadowpack\debug\libtiff\tif_dirinfo.obj
c:\data\shadowpack\debug\libtiff\tif_dir.obj
c:\data\shadowpack\debug\libtiff\tif_compress.obj
c:\data\shadowpack\debug\libtiff\tif_color.obj
c:\data\shadowpack\debug\libtiff\tif_codec.obj
c:\data\shadowpack\debug\libtiff\tif_close.obj
c:\data\shadowpack\debug\libtiff\tif_aux.obj
c:\data\shadowpack\debug\libtiff\tif_zip.obj
c:\data\shadowpack\debug\libtiff\tif_write.obj
c:\data\shadowpack\debug\libtiff\tif_warning.obj
c:\data\shadowpack\debug\libtiff\tif_version.obj
c:\data\shadowpack\debug\libtiff\tif_unix.obj
c:\data\shadowpack\debug\libtiff\tif_tile.obj
c:\data\shadowpack\debug\libtiff\tif_thunder.obj
c:\data\shadowpack\debug\libtiff\tif_swab.obj
c:\data\shadowpack\debug\libtiff\tif_strip.obj
c:\data\shadowpack\debug\libtiff\tif_read.obj
c:\data\shadowpack\debug\libtiff\tif_print.obj
c:\data\shadowpack\debug\libtiff\tif_predict.obj
c:\data\shadowpack\debug\libtiff\tif_pixarlog.obj
c:\data\shadowpack\debug\libtiff\tif_packbits.obj
c:\data\shadowpack\debug\libtiff\tif_open.obj
c:\data\shadowpack\debug\libtiff\tif_ojpeg.obj
c:\data\shadowpack\debug\libtiff\tif_next.obj
c:\data\shadowpack\debug\libtiff\tif_lzw.obj
c:\data\shadowpack\debug\libtiff\tif_lzma.obj
c:\data\shadowpack\debug\lib\libtiff.lib
c:\data\shadowpack\debug\libtiff\tiff.res
c:\data\shadowpack\debug\libtiff\vc90.idb
c:\data\shadowpack\debug\libtiff\libtiff.tlog\cl.command.1.tlog
c:\data\shadowpack\debug\libtiff\libtiff.tlog\cl.read.1.tlog
c:\data\shadowpack\debug\libtiff\libtiff.tlog\cl.write.1.tlog
c:\data\shadowpack\debug\libtiff\libtiff.tlog\lib-link-cvtres.read.1.tlog
c:\data\shadowpack\debug\libtiff\libtiff.tlog\lib-link-cvtres.write.1.tlog
c:\data\shadowpack\debug\libtiff\libtiff.tlog\lib.command.1.tlog
c:\data\shadowpack\debug\libtiff\libtiff.tlog\rc.command.1.tlog
c:\data\shadowpack\debug\libtiff\libtiff.tlog\rc.read.1.tlog
c:\data\shadowpack\debug\libtiff\libtiff.tlog\rc.write.1.tlog
